Determining if the pthread_create exist failed with the following output:
Change Dir: /home/larswall/workspace/build/CMakeFiles/CMakeTmp

Run Build Command:"/usr/bin/make" "cmTC_945de/fast"
/usr/bin/make -f CMakeFiles/cmTC_945de.dir/build.make CMakeFiles/cmTC_945de.dir/build
make[1]: вход в каталог «/home/larswall/workspace/build/CMakeFiles/CMakeTmp»
Building C object CMakeFiles/cmTC_945de.dir/CheckSymbolExists.c.o
/usr/bin/cc     -o CMakeFiles/cmTC_945de.dir/CheckSymbolExists.c.o   -c /home/larswall/workspace/build/CMakeFiles/CMakeTmp/CheckSymbolExists.c
Linking C executable cmTC_945de
/usr/bin/cmake -E cmake_link_script CMakeFiles/cmTC_945de.dir/link.txt --verbose=1
/usr/bin/cc       CMakeFiles/cmTC_945de.dir/CheckSymbolExists.c.o  -o cmTC_945de -rdynamic 
CMakeFiles/cmTC_945de.dir/CheckSymbolExists.c.o: In function `main':
CheckSymbolExists.c:(.text+0x16): undefined reference to `pthread_create'
collect2: error: ld returned 1 exit status
CMakeFiles/cmTC_945de.dir/build.make:97: ошибка выполнения рецепта для цели «cmTC_945de»
make[1]: *** [cmTC_945de] Ошибка 1
make[1]: выход из каталога «/home/larswall/workspace/build/CMakeFiles/CMakeTmp»
Makefile:126: ошибка выполнения рецепта для цели «cmTC_945de/fast»
make: *** [cmTC_945de/fast] Ошибка 2

File /home/larswall/workspace/build/CMakeFiles/CMakeTmp/CheckSymbolExists.c:
/* */
#include <pthread.h>

int main(int argc, char** argv)
{
  (void)argv;
#ifndef pthread_create
  return ((int*)(&pthread_create))[argc];
#else
  (void)argc;
  return 0;
#endif
}

Determining if the function pthread_create exists in the pthreads failed with the following output:
Change Dir: /home/larswall/workspace/build/CMakeFiles/CMakeTmp

Run Build Command:"/usr/bin/make" "cmTC_921ad/fast"
/usr/bin/make -f CMakeFiles/cmTC_921ad.dir/build.make CMakeFiles/cmTC_921ad.dir/build
make[1]: вход в каталог «/home/larswall/workspace/build/CMakeFiles/CMakeTmp»
Building C object CMakeFiles/cmTC_921ad.dir/CheckFunctionExists.c.o
/usr/bin/cc    -DCHECK_FUNCTION_EXISTS=pthread_create   -o CMakeFiles/cmTC_921ad.dir/CheckFunctionExists.c.o   -c /usr/share/cmake-3.5/Modules/CheckFunctionExists.c
Linking C executable cmTC_921ad
/usr/bin/cmake -E cmake_link_script CMakeFiles/cmTC_921ad.dir/link.txt --verbose=1
/usr/bin/cc   -DCHECK_FUNCTION_EXISTS=pthread_create    CMakeFiles/cmTC_921ad.dir/CheckFunctionExists.c.o  -o cmTC_921ad -rdynamic -lpthreads 
/usr/bin/ld: cannot find -lpthreads
collect2: error: ld returned 1 exit status
CMakeFiles/cmTC_921ad.dir/build.make:97: ошибка выполнения рецепта для цели «cmTC_921ad»
make[1]: *** [cmTC_921ad] Ошибка 1
make[1]: выход из каталога «/home/larswall/workspace/build/CMakeFiles/CMakeTmp»
Makefile:126: ошибка выполнения рецепта для цели «cmTC_921ad/fast»
make: *** [cmTC_921ad/fast] Ошибка 2


